<?xml version="1.0" encoding="UTF-8" standalone="no"?>
<!DOCTYPE log SYSTEM "logger.dtd">
<log>
<record>
  <date>2018-02-18T21:58:50</date>
  <millis>1518971330278</millis>
  <sequence>4</sequence>
  <logger>ESPlorer.ESPlorer</logger>
  <level>INFO</level>
  <class>ESPlorer.ESPlorer</class>
  <method>log</method>
  <thread>15</thread>
  <message>Load saved settings: Firmware:NodeMCU</message>
</record>
<record>
  <date>2018-02-18T21:58:50</date>
  <millis>1518971330497</millis>
  <sequence>5</sequence>
  <logger>ESPlorer.ESPlorer</logger>
  <level>INFO</level>
  <class>ESPlorer.ESPlorer</class>
  <method>log</method>
  <thread>15</thread>
  <message>Snippets: loading...</message>
</record>
<record>
  <date>2018-02-18T21:58:50</date>
  <millis>1518971330500</millis>
  <sequence>6</sequence>
  <logger>ESPlorer.ESPlorer</logger>
  <level>INFO</level>
  <class>ESPlorer.ESPlorer</class>
  <method>log</method>
  <thread>15</thread>
  <message>Snippets load: Success.</message>
</record>
<record>
  <date>2018-02-18T21:58:50</date>
  <millis>1518971330578</millis>
  <sequence>7</sequence>
  <logger>ESPlorer.ESPlorer</logger>
  <level>INFO</level>
  <class>ESPlorer.ESPlorer</class>
  <method>log</method>
  <thread>15</thread>
  <message>Set new color theme: Success.</message>
</record>
<record>
  <date>2018-02-18T21:58:50</date>
  <millis>1518971330581</millis>
  <sequence>8</sequence>
  <logger>ESPlorer.ESPlorer</logger>
  <level>INFO</level>
  <class>ESPlorer.ESPlorer</class>
  <method>log</method>
  <thread>15</thread>
  <message>Load saved settings: DONE.</message>
</record>
<record>
  <date>2018-02-18T21:58:50</date>
  <millis>1518971330582</millis>
  <sequence>9</sequence>
  <logger>ESPlorer.ESPlorer</logger>
  <level>INFO</level>
  <class>ESPlorer.ESPlorer</class>
  <method>log</method>
  <thread>15</thread>
  <message>Snippets: loading...</message>
</record>
<record>
  <date>2018-02-18T21:58:50</date>
  <millis>1518971330584</millis>
  <sequence>10</sequence>
  <logger>ESPlorer.ESPlorer</logger>
  <level>INFO</level>
  <class>ESPlorer.ESPlorer</class>
  <method>log</method>
  <thread>15</thread>
  <message>Snippets load: Success.</message>
</record>
<record>
  <date>2018-02-18T21:58:50</date>
  <millis>1518971330893</millis>
  <sequence>11</sequence>
  <logger>ESPlorer.ESPlorer</logger>
  <level>INFO</level>
  <class>ESPlorer.ESPlorer</class>
  <method>log</method>
  <thread>15</thread>
  <message>Scan system...</message>
</record>
<record>
  <date>2018-02-18T21:58:50</date>
  <millis>1518971330958</millis>
  <sequence>12</sequence>
  <logger>ESPlorer.ESPlorer</logger>
  <level>INFO</level>
  <class>ESPlorer.ESPlorer</class>
  <method>log</method>
  <thread>15</thread>
  <message>found last saved serial port /dev/ttyUSB0</message>
</record>
<record>
  <date>2018-02-18T21:58:50</date>
  <millis>1518971330960</millis>
  <sequence>13</sequence>
  <logger>ESPlorer.ESPlorer</logger>
  <level>INFO</level>
  <class>ESPlorer.ESPlorer</class>
  <method>log</method>
  <thread>15</thread>
  <message>Scan done.</message>
</record>
<record>
  <date>2018-02-18T21:59:12</date>
  <millis>1518971352953</millis>
  <sequence>14</sequence>
  <logger>ESPlorer.ESPlorer</logger>
  <level>INFO</level>
  <class>ESPlorer.ESPlorer</class>
  <method>log</method>
  <thread>15</thread>
  <message>java.lang.NullPointerException</message>
</record>
<record>
  <date>2018-02-18T21:59:12</date>
  <millis>1518971352954</millis>
  <sequence>15</sequence>
  <logger>ESPlorer.ESPlorer</logger>
  <level>INFO</level>
  <class>ESPlorer.ESPlorer</class>
  <method>log</method>
  <thread>15</thread>
  <message>Can't change RTS state</message>
</record>
<record>
  <date>2018-02-18T21:59:13</date>
  <millis>1518971353841</millis>
  <sequence>16</sequence>
  <logger>ESPlorer.ESPlorer</logger>
  <level>INFO</level>
  <class>ESPlorer.ESPlorer</class>
  <method>log</method>
  <thread>15</thread>
  <message>java.lang.NullPointerException</message>
</record>
<record>
  <date>2018-02-18T21:59:13</date>
  <millis>1518971353842</millis>
  <sequence>17</sequence>
  <logger>ESPlorer.ESPlorer</logger>
  <level>INFO</level>
  <class>ESPlorer.ESPlorer</class>
  <method>log</method>
  <thread>15</thread>
  <message>Can't change DTR state</message>
</record>
<record>
  <date>2018-02-18T21:59:14</date>
  <millis>1518971354743</millis>
  <sequence>18</sequence>
  <logger>ESPlorer.ESPlorer</logger>
  <level>INFO</level>
  <class>ESPlorer.ESPlorer</class>
  <method>log</method>
  <thread>15</thread>
  <message>Serial port /dev/ttyUSB0 save as default.</message>
</record>
<record>
  <date>2018-02-18T21:59:14</date>
  <millis>1518971354744</millis>
  <sequence>19</sequence>
  <logger>ESPlorer.ESPlorer</logger>
  <level>INFO</level>
  <class>ESPlorer.ESPlorer</class>
  <method>log</method>
  <thread>15</thread>
  <message>Baud rate 9600 save as default.</message>
</record>
<record>
  <date>2018-02-18T21:59:14</date>
  <millis>1518971354745</millis>
  <sequence>20</sequence>
  <logger>ESPlorer.ESPlorer</logger>
  <level>INFO</level>
  <class>ESPlorer.ESPlorer</class>
  <method>log</method>
  <thread>15</thread>
  <message>Try to open port /dev/ttyUSB0, baud 9600, 8N1</message>
</record>
<record>
  <date>2018-02-18T21:59:14</date>
  <millis>1518971354755</millis>
  <sequence>21</sequence>
  <logger>ESPlorer.ESPlorer</logger>
  <level>INFO</level>
  <class>ESPlorer.ESPlorer</class>
  <method>log</method>
  <thread>15</thread>
  <message>Open port /dev/ttyUSB0 - Success.</message>
</record>
<record>
  <date>2018-02-18T21:59:30</date>
  <millis>1518971370047</millis>
  <sequence>22</sequence>
  <logger>ESPlorer.ESPlorer</logger>
  <level>INFO</level>
  <class>ESPlorer.ESPlorer</class>
  <method>log</method>
  <thread>15</thread>
  <message>sending:node.restart()&lt;CR&gt;&lt;LF&gt;</message>
</record>
<record>
  <date>2018-02-18T21:59:30</date>
  <millis>1518971370050</millis>
  <sequence>23</sequence>
  <logger>ESPlorer.ESPlorer</logger>
  <level>INFO</level>
  <class>ESPlorer.ESPlorer</class>
  <method>log</method>
  <thread>15</thread>
  <message>Try to reconnect with saved baud 9600...</message>
</record>
<record>
  <date>2018-02-18T21:59:30</date>
  <millis>1518971370055</millis>
  <sequence>24</sequence>
  <logger>ESPlorer.ESPlorer</logger>
  <level>INFO</level>
  <class>ESPlorer.ESPlorer</class>
  <method>log</method>
  <thread>15</thread>
  <message>Reconnect: Success. Now we waiting for ESP reboot...</message>
</record>
<record>
  <date>2018-02-18T21:59:57</date>
  <millis>1518971397403</millis>
  <sequence>25</sequence>
  <logger>ESPlorer.ESPlorer</logger>
  <level>INFO</level>
  <class>ESPlorer.ESPlorer</class>
  <method>log</method>
  <thread>15</thread>
  <message>FileManager: Add EventListener: Success.</message>
</record>
<record>
  <date>2018-02-18T21:59:57</date>
  <millis>1518971397409</millis>
  <sequence>26</sequence>
  <logger>ESPlorer.ESPlorer</logger>
  <level>INFO</level>
  <class>ESPlorer.ESPlorer</class>
  <method>log</method>
  <thread>15</thread>
  <message>FileManager: Starting...</message>
</record>
<record>
  <date>2018-02-18T21:59:57</date>
  <millis>1518971397448</millis>
  <sequence>27</sequence>
  <logger>ESPlorer.ESPlorer</logger>
  <level>INFO</level>
  <class>ESPlorer.ESPlorer</class>
  <method>log</method>
  <thread>15</thread>
  <message>sending: _dir=function() local k,v,l print("~~~File ".."list START~~~") for k,v in pairs(file.list()) do l = string.format("%-15s",k) print(l.." : "..v.." bytes") end print("~~~File ".."list END~~~") end _dir() _dir=nil</message>
</record>
<record>
  <date>2018-02-18T21:59:57</date>
  <millis>1518971397870</millis>
  <sequence>28</sequence>
  <logger>ESPlorer.ESPlorer</logger>
  <level>INFO</level>
  <class>ESPlorer.ESPlorer</class>
  <method>log</method>
  <thread>25</thread>
  <message>FileManager: File list found! Do parsing...</message>
</record>
<record>
  <date>2018-02-18T21:59:58</date>
  <millis>1518971398021</millis>
  <sequence>29</sequence>
  <logger>ESPlorer.ESPlorer</logger>
  <level>INFO</level>
  <class>ESPlorer.ESPlorer</class>
  <method>log</method>
  <thread>25</thread>
  <message>FileManager found file init.lua</message>
</record>
<record>
  <date>2018-02-18T21:59:58</date>
  <millis>1518971398023</millis>
  <sequence>30</sequence>
  <logger>ESPlorer.ESPlorer</logger>
  <level>INFO</level>
  <class>ESPlorer.ESPlorer</class>
  <method>log</method>
  <thread>25</thread>
  <message>FileManager: File list parsing done, found 1 file(s).</message>
</record>
<record>
  <date>2018-02-18T21:59:58</date>
  <millis>1518971398118</millis>
  <sequence>31</sequence>
  <logger>ESPlorer.ESPlorer</logger>
  <level>INFO</level>
  <class>ESPlorer.ESPlorer</class>
  <method>log</method>
  <thread>25</thread>
  <message>sending:r,u,t=file.fsinfo() print("Total : "..t.." bytes\r\nUsed  : "..u.." bytes\r\nRemain: "..r.." bytes\r\n") r=nil u=nil t=nil&lt;CR&gt;&lt;LF&gt;</message>
</record>
<record>
  <date>2018-02-18T22:00:06</date>
  <millis>1518971406313</millis>
  <sequence>32</sequence>
  <logger>ESPlorer.ESPlorer</logger>
  <level>INFO</level>
  <class>ESPlorer.ESPlorer</class>
  <method>log</method>
  <thread>15</thread>
  <message>sending:file.remove("init.lua")&lt;CR&gt;&lt;LF&gt;</message>
</record>
<record>
  <date>2018-02-18T22:00:06</date>
  <millis>1518971406586</millis>
  <sequence>33</sequence>
  <logger>ESPlorer.ESPlorer</logger>
  <level>INFO</level>
  <class>ESPlorer.ESPlorer</class>
  <method>log</method>
  <thread>15</thread>
  <message>FileManager: Add EventListener: Success.</message>
</record>
<record>
  <date>2018-02-18T22:00:06</date>
  <millis>1518971406589</millis>
  <sequence>34</sequence>
  <logger>ESPlorer.ESPlorer</logger>
  <level>INFO</level>
  <class>ESPlorer.ESPlorer</class>
  <method>log</method>
  <thread>15</thread>
  <message>FileManager: Starting...</message>
</record>
<record>
  <date>2018-02-18T22:00:06</date>
  <millis>1518971406663</millis>
  <sequence>35</sequence>
  <logger>ESPlorer.ESPlorer</logger>
  <level>INFO</level>
  <class>ESPlorer.ESPlorer</class>
  <method>log</method>
  <thread>15</thread>
  <message>sending: _dir=function() local k,v,l print("~~~File ".."list START~~~") for k,v in pairs(file.list()) do l = string.format("%-15s",k) print(l.." : "..v.." bytes") end print("~~~File ".."list END~~~") end _dir() _dir=nil</message>
</record>
<record>
  <date>2018-02-18T22:00:07</date>
  <millis>1518971407115</millis>
  <sequence>36</sequence>
  <logger>ESPlorer.ESPlorer</logger>
  <level>INFO</level>
  <class>ESPlorer.ESPlorer</class>
  <method>log</method>
  <thread>28</thread>
  <message>FileManager: File list found! Do parsing...</message>
</record>
<record>
  <date>2018-02-18T22:00:07</date>
  <millis>1518971407122</millis>
  <sequence>37</sequence>
  <logger>ESPlorer.ESPlorer</logger>
  <level>INFO</level>
  <class>ESPlorer.ESPlorer</class>
  <method>log</method>
  <thread>28</thread>
  <message>FileManager: File list parsing done, found 0 file(s).</message>
</record>
<record>
  <date>2018-02-18T22:00:07</date>
  <millis>1518971407276</millis>
  <sequence>38</sequence>
  <logger>ESPlorer.ESPlorer</logger>
  <level>INFO</level>
  <class>ESPlorer.ESPlorer</class>
  <method>log</method>
  <thread>28</thread>
  <message>sending:r,u,t=file.fsinfo() print("Total : "..t.." bytes\r\nUsed  : "..u.." bytes\r\nRemain: "..r.." bytes\r\n") r=nil u=nil t=nil&lt;CR&gt;&lt;LF&gt;</message>
</record>
<record>
  <date>2018-02-18T22:00:18</date>
  <millis>1518971418333</millis>
  <sequence>39</sequence>
  <logger>ESPlorer.ESPlorer</logger>
  <level>INFO</level>
  <class>ESPlorer.ESPlorer</class>
  <method>log</method>
  <thread>15</thread>
  <message>Uploader: chooser selected file:1</message>
</record>
<record>
  <date>2018-02-18T22:00:18</date>
  <millis>1518971418338</millis>
  <sequence>40</sequence>
  <logger>ESPlorer.ESPlorer</logger>
  <level>INFO</level>
  <class>ESPlorer.ESPlorer</class>
  <method>log</method>
  <thread>15</thread>
  <message>BinaryFileLoader: Try to load file init.lua ...</message>
</record>
<record>
  <date>2018-02-18T22:00:18</date>
  <millis>1518971418383</millis>
  <sequence>41</sequence>
  <logger>ESPlorer.ESPlorer</logger>
  <level>INFO</level>
  <class>ESPlorer.ESPlorer</class>
  <method>log</method>
  <thread>15</thread>
  <message>BinaryFileLoader: Load file init.lua: Success, size:661</message>
</record>
<record>
  <date>2018-02-18T22:00:18</date>
  <millis>1518971418383</millis>
  <sequence>42</sequence>
  <logger>ESPlorer.ESPlorer</logger>
  <level>INFO</level>
  <class>ESPlorer.ESPlorer</class>
  <method>log</method>
  <thread>15</thread>
  <message>1. packets = 2</message>
</record>
<record>
  <date>2018-02-18T22:00:18</date>
  <millis>1518971418384</millis>
  <sequence>43</sequence>
  <logger>ESPlorer.ESPlorer</logger>
  <level>INFO</level>
  <class>ESPlorer.ESPlorer</class>
  <method>log</method>
  <thread>15</thread>
  <message>2. packets = 3</message>
</record>
<record>
  <date>2018-02-18T22:00:18</date>
  <millis>1518971418385</millis>
  <sequence>44</sequence>
  <logger>ESPlorer.ESPlorer</logger>
  <level>INFO</level>
  <class>ESPlorer.ESPlorer</class>
  <method>log</method>
  <thread>15</thread>
  <message>3. packet = 0</message>
</record>
<record>
  <date>2018-02-18T22:00:18</date>
  <millis>1518971418385</millis>
  <sequence>45</sequence>
  <logger>ESPlorer.ESPlorer</logger>
  <level>INFO</level>
  <class>ESPlorer.ESPlorer</class>
  <method>log</method>
  <thread>15</thread>
  <message>BinaryFileLoader: Prepare next packet for send, len=250</message>
</record>
<record>
  <date>2018-02-18T22:00:18</date>
  <millis>1518971418386</millis>
  <sequence>46</sequence>
  <logger>ESPlorer.ESPlorer</logger>
  <level>INFO</level>
  <class>ESPlorer.ESPlorer</class>
  <method>log</method>
  <thread>15</thread>
  <message>3. packet = 1</message>
</record>
<record>
  <date>2018-02-18T22:00:18</date>
  <millis>1518971418386</millis>
  <sequence>47</sequence>
  <logger>ESPlorer.ESPlorer</logger>
  <level>INFO</level>
  <class>ESPlorer.ESPlorer</class>
  <method>log</method>
  <thread>15</thread>
  <message>BinaryFileLoader: Prepare next packet for send, len=250</message>
</record>
<record>
  <date>2018-02-18T22:00:18</date>
  <millis>1518971418387</millis>
  <sequence>48</sequence>
  <logger>ESPlorer.ESPlorer</logger>
  <level>INFO</level>
  <class>ESPlorer.ESPlorer</class>
  <method>log</method>
  <thread>15</thread>
  <message>3. packet = 2</message>
</record>
<record>
  <date>2018-02-18T22:00:18</date>
  <millis>1518971418388</millis>
  <sequence>49</sequence>
  <logger>ESPlorer.ESPlorer</logger>
  <level>INFO</level>
  <class>ESPlorer.ESPlorer</class>
  <method>log</method>
  <thread>15</thread>
  <message>BinaryFileLoader: Prepare next packet for send, len=161</message>
</record>
<record>
  <date>2018-02-18T22:00:18</date>
  <millis>1518971418388</millis>
  <sequence>50</sequence>
  <logger>ESPlorer.ESPlorer</logger>
  <level>INFO</level>
  <class>ESPlorer.ESPlorer</class>
  <method>log</method>
  <thread>15</thread>
  <message>BinaryFileLoader: Total packets prepared=3</message>
</record>
<record>
  <date>2018-02-18T22:00:18</date>
  <millis>1518971418389</millis>
  <sequence>51</sequence>
  <logger>ESPlorer.ESPlorer</logger>
  <level>INFO</level>
  <class>ESPlorer.ESPlorer</class>
  <method>log</method>
  <thread>15</thread>
  <message>sendPackets=3</message>
</record>
<record>
  <date>2018-02-18T22:00:18</date>
  <millis>1518971418389</millis>
  <sequence>52</sequence>
  <logger>ESPlorer.ESPlorer</logger>
  <level>INFO</level>
  <class>ESPlorer.ESPlorer</class>
  <method>log</method>
  <thread>15</thread>
  <message>Uploader: Starting...</message>
</record>
<record>
  <date>2018-02-18T22:00:18</date>
  <millis>1518971418393</millis>
  <sequence>53</sequence>
  <logger>ESPlorer.ESPlorer</logger>
  <level>INFO</level>
  <class>ESPlorer.ESPlorer</class>
  <method>log</method>
  <thread>15</thread>
  <message>Uploader: Add EventListener: Success.</message>
</record>
<record>
  <date>2018-02-18T22:00:18</date>
  <millis>1518971418394</millis>
  <sequence>54</sequence>
  <logger>ESPlorer.ESPlorer</logger>
  <level>INFO</level>
  <class>ESPlorer.ESPlorer</class>
  <method>log</method>
  <thread>15</thread>
  <message>Uploader: Start</message>
</record>
<record>
  <date>2018-02-18T22:00:18</date>
  <millis>1518971418445</millis>
  <sequence>55</sequence>
  <logger>ESPlorer.ESPlorer</logger>
  <level>INFO</level>
  <class>ESPlorer.ESPlorer</class>
  <method>log</method>
  <thread>15</thread>
  <message>sending: _up=function(n,l,ll) local cs = 0 local i = 0 print("&gt;".." ") uart.on("data", l, function(b) i = i + 1 file.open("init.lua",'a+') file.write(b) file.close() cs=0 for j=1, l do cs = cs + (b:byte(j)*20)%19 end</message>
</record>
<record>
  <date>2018-02-18T22:00:18</date>
  <millis>1518971418813</millis>
  <sequence>56</sequence>
  <logger>ESPlorer.ESPlorer</logger>
  <level>INFO</level>
  <class>ESPlorer.ESPlorer</class>
  <method>log</method>
  <thread>15</thread>
  <message>sending:          uart.write(0,"~~~CRC-".."START~~~"..cs.."~~~CRC-".."END~~~") if i == n then uart.on("data") end if i == n-1 and ll&gt;0 then _up(1,ll,ll) end end,0) end file.remove("init.lua")</message>
</record>
<record>
  <date>2018-02-18T22:00:19</date>
  <millis>1518971419189</millis>
  <sequence>57</sequence>
  <logger>ESPlorer.ESPlorer</logger>
  <level>INFO</level>
  <class>ESPlorer.ESPlorer</class>
  <method>log</method>
  <thread>15</thread>
  <message>sending:_up(3,250,161)</message>
</record>
<record>
  <date>2018-02-18T22:00:19</date>
  <millis>1518971419808</millis>
  <sequence>58</sequence>
  <logger>ESPlorer.ESPlorer</logger>
  <level>INFO</level>
  <class>ESPlorer.ESPlorer</class>
  <method>log</method>
  <thread>35</thread>
  <message>Uploader: receiving checksum 1/3 check: Success</message>
</record>
<record>
  <date>2018-02-18T22:00:20</date>
  <millis>1518971420155</millis>
  <sequence>59</sequence>
  <logger>ESPlorer.ESPlorer</logger>
  <level>INFO</level>
  <class>ESPlorer.ESPlorer</class>
  <method>log</method>
  <thread>35</thread>
  <message>Uploader: receiving checksum 2/3 check: Success</message>
</record>
<record>
  <date>2018-02-18T22:00:20</date>
  <millis>1518971420422</millis>
  <sequence>60</sequence>
  <logger>ESPlorer.ESPlorer</logger>
  <level>INFO</level>
  <class>ESPlorer.ESPlorer</class>
  <method>log</method>
  <thread>35</thread>
  <message>Uploader: receiving checksum 3/3 check: Success</message>
</record>
<record>
  <date>2018-02-18T22:00:20</date>
  <millis>1518971420423</millis>
  <sequence>61</sequence>
  <logger>ESPlorer.ESPlorer</logger>
  <level>INFO</level>
  <class>ESPlorer.ESPlorer</class>
  <method>log</method>
  <thread>35</thread>
  <message>sending:_up=nil</message>
</record>
<record>
  <date>2018-02-18T22:00:20</date>
  <millis>1518971420424</millis>
  <sequence>62</sequence>
  <logger>ESPlorer.ESPlorer</logger>
  <level>INFO</level>
  <class>ESPlorer.ESPlorer</class>
  <method>log</method>
  <thread>35</thread>
  <message>Uploader: Success</message>
</record>
<record>
  <date>2018-02-18T22:00:20</date>
  <millis>1518971420533</millis>
  <sequence>63</sequence>
  <logger>ESPlorer.ESPlorer</logger>
  <level>INFO</level>
  <class>ESPlorer.ESPlorer</class>
  <method>log</method>
  <thread>35</thread>
  <message>Operation done. Duration = 2143 ms</message>
</record>
<record>
  <date>2018-02-18T22:00:25</date>
  <millis>1518971425874</millis>
  <sequence>64</sequence>
  <logger>ESPlorer.ESPlorer</logger>
  <level>INFO</level>
  <class>ESPlorer.ESPlorer</class>
  <method>log</method>
  <thread>15</thread>
  <message>sending:node.restart()&lt;CR&gt;&lt;LF&gt;</message>
</record>
<record>
  <date>2018-02-18T22:00:25</date>
  <millis>1518971425876</millis>
  <sequence>65</sequence>
  <logger>ESPlorer.ESPlorer</logger>
  <level>INFO</level>
  <class>ESPlorer.ESPlorer</class>
  <method>log</method>
  <thread>15</thread>
  <message>Try to reconnect with saved baud 9600...</message>
</record>
<record>
  <date>2018-02-18T22:00:25</date>
  <millis>1518971425878</millis>
  <sequence>66</sequence>
  <logger>ESPlorer.ESPlorer</logger>
  <level>INFO</level>
  <class>ESPlorer.ESPlorer</class>
  <method>log</method>
  <thread>15</thread>
  <message>Reconnect: Success. Now we waiting for ESP reboot...</message>
</record>
<record>
  <date>2018-02-18T22:00:31</date>
  <millis>1518971431733</millis>
  <sequence>67</sequence>
  <logger>ESPlorer.ESPlorer</logger>
  <level>INFO</level>
  <class>ESPlorer.ESPlorer</class>
  <method>log</method>
  <thread>15</thread>
  <message>Operation done. Duration = 13343 ms</message>
</record>
<record>
  <date>2018-02-18T22:00:31</date>
  <millis>1518971431735</millis>
  <sequence>68</sequence>
  <logger>ESPlorer.ESPlorer</logger>
  <level>INFO</level>
  <class>ESPlorer.ESPlorer</class>
  <method>log</method>
  <thread>15</thread>
  <message>Waiting answer from ESP - Timeout reached. Command aborted.</message>
</record>
<record>
  <date>2018-02-18T22:00:41</date>
  <millis>1518971441416</millis>
  <sequence>69</sequence>
  <logger>ESPlorer.ESPlorer</logger>
  <level>INFO</level>
  <class>ESPlorer.ESPlorer</class>
  <method>log</method>
  <thread>15</thread>
  <message>Close port /dev/ttyUSB0 - Success.</message>
</record>
<record>
  <date>2018-02-18T22:02:33</date>
  <millis>1518971553056</millis>
  <sequence>70</sequence>
  <logger>ESPlorer.ESPlorer</logger>
  <level>INFO</level>
  <class>ESPlorer.ESPlorer</class>
  <method>log</method>
  <thread>15</thread>
  <message>Uploader: Serial port not open, operation FAILED.</message>
</record>
<record>
  <date>2018-02-18T22:02:35</date>
  <millis>1518971555929</millis>
  <sequence>71</sequence>
  <logger>ESPlorer.ESPlorer</logger>
  <level>INFO</level>
  <class>ESPlorer.ESPlorer</class>
  <method>log</method>
  <thread>15</thread>
  <message>Uploader: Serial port not open, operation FAILED.</message>
</record>
<record>
  <date>2018-02-18T22:02:37</date>
  <millis>1518971557563</millis>
  <sequence>72</sequence>
  <logger>ESPlorer.ESPlorer</logger>
  <level>INFO</level>
  <class>ESPlorer.ESPlorer</class>
  <method>log</method>
  <thread>15</thread>
  <message>Serial port /dev/ttyUSB0 save as default.</message>
</record>
<record>
  <date>2018-02-18T22:02:37</date>
  <millis>1518971557563</millis>
  <sequence>73</sequence>
  <logger>ESPlorer.ESPlorer</logger>
  <level>INFO</level>
  <class>ESPlorer.ESPlorer</class>
  <method>log</method>
  <thread>15</thread>
  <message>Baud rate 9600 save as default.</message>
</record>
<record>
  <date>2018-02-18T22:02:37</date>
  <millis>1518971557564</millis>
  <sequence>74</sequence>
  <logger>ESPlorer.ESPlorer</logger>
  <level>INFO</level>
  <class>ESPlorer.ESPlorer</class>
  <method>log</method>
  <thread>15</thread>
  <message>Try to open port /dev/ttyUSB0, baud 9600, 8N1</message>
</record>
<record>
  <date>2018-02-18T22:02:37</date>
  <millis>1518971557569</millis>
  <sequence>75</sequence>
  <logger>ESPlorer.ESPlorer</logger>
  <level>INFO</level>
  <class>ESPlorer.ESPlorer</class>
  <method>log</method>
  <thread>15</thread>
  <message>Open port /dev/ttyUSB0 - Success.</message>
</record>
<record>
  <date>2018-02-18T22:02:41</date>
  <millis>1518971561408</millis>
  <sequence>76</sequence>
  <logger>ESPlorer.ESPlorer</logger>
  <level>INFO</level>
  <class>ESPlorer.ESPlorer</class>
  <method>log</method>
  <thread>15</thread>
  <message>Operation done. Duration = 143017 ms</message>
</record>
<record>
  <date>2018-02-18T22:02:41</date>
  <millis>1518971561411</millis>
  <sequence>77</sequence>
  <logger>ESPlorer.ESPlorer</logger>
  <level>INFO</level>
  <class>ESPlorer.ESPlorer</class>
  <method>log</method>
  <thread>15</thread>
  <message>Waiting answer from ESP - Timeout reached. Command aborted.</message>
</record>
<record>
  <date>2018-02-18T22:02:50</date>
  <millis>1518971570333</millis>
  <sequence>78</sequence>
  <logger>ESPlorer.ESPlorer</logger>
  <level>INFO</level>
  <class>ESPlorer.ESPlorer</class>
  <method>log</method>
  <thread>15</thread>
  <message>FileManager: Add EventListener: Success.</message>
</record>
<record>
  <date>2018-02-18T22:02:50</date>
  <millis>1518971570340</millis>
  <sequence>79</sequence>
  <logger>ESPlorer.ESPlorer</logger>
  <level>INFO</level>
  <class>ESPlorer.ESPlorer</class>
  <method>log</method>
  <thread>15</thread>
  <message>FileManager: Starting...</message>
</record>
<record>
  <date>2018-02-18T22:02:50</date>
  <millis>1518971570374</millis>
  <sequence>80</sequence>
  <logger>ESPlorer.ESPlorer</logger>
  <level>INFO</level>
  <class>ESPlorer.ESPlorer</class>
  <method>log</method>
  <thread>15</thread>
  <message>sending: _dir=function() local k,v,l print("~~~File ".."list START~~~") for k,v in pairs(file.list()) do l = string.format("%-15s",k) print(l.." : "..v.." bytes") end print("~~~File ".."list END~~~") end _dir() _dir=nil</message>
</record>
<record>
  <date>2018-02-18T22:02:50</date>
  <millis>1518971570803</millis>
  <sequence>81</sequence>
  <logger>ESPlorer.ESPlorer</logger>
  <level>INFO</level>
  <class>ESPlorer.ESPlorer</class>
  <method>log</method>
  <thread>43</thread>
  <message>FileManager: File list found! Do parsing...</message>
</record>
<record>
  <date>2018-02-18T22:02:50</date>
  <millis>1518971570817</millis>
  <sequence>82</sequence>
  <logger>ESPlorer.ESPlorer</logger>
  <level>INFO</level>
  <class>ESPlorer.ESPlorer</class>
  <method>log</method>
  <thread>43</thread>
  <message>FileManager found file init.lua</message>
</record>
<record>
  <date>2018-02-18T22:02:50</date>
  <millis>1518971570820</millis>
  <sequence>83</sequence>
  <logger>ESPlorer.ESPlorer</logger>
  <level>INFO</level>
  <class>ESPlorer.ESPlorer</class>
  <method>log</method>
  <thread>43</thread>
  <message>FileManager: File list parsing done, found 1 file(s).</message>
</record>
<record>
  <date>2018-02-18T22:02:50</date>
  <millis>1518971570915</millis>
  <sequence>84</sequence>
  <logger>ESPlorer.ESPlorer</logger>
  <level>INFO</level>
  <class>ESPlorer.ESPlorer</class>
  <method>log</method>
  <thread>43</thread>
  <message>sending:r,u,t=file.fsinfo() print("Total : "..t.." bytes\r\nUsed  : "..u.." bytes\r\nRemain: "..r.." bytes\r\n") r=nil u=nil t=nil&lt;CR&gt;&lt;LF&gt;</message>
</record>
<record>
  <date>2018-02-18T22:02:53</date>
  <millis>1518971573723</millis>
  <sequence>85</sequence>
  <logger>ESPlorer.ESPlorer</logger>
  <level>INFO</level>
  <class>ESPlorer.ESPlorer</class>
  <method>log</method>
  <thread>15</thread>
  <message>sending:file.remove("init.lua")&lt;CR&gt;&lt;LF&gt;</message>
</record>
<record>
  <date>2018-02-18T22:02:53</date>
  <millis>1518971573995</millis>
  <sequence>86</sequence>
  <logger>ESPlorer.ESPlorer</logger>
  <level>INFO</level>
  <class>ESPlorer.ESPlorer</class>
  <method>log</method>
  <thread>15</thread>
  <message>FileManager: Add EventListener: Success.</message>
</record>
<record>
  <date>2018-02-18T22:02:53</date>
  <millis>1518971573996</millis>
  <sequence>87</sequence>
  <logger>ESPlorer.ESPlorer</logger>
  <level>INFO</level>
  <class>ESPlorer.ESPlorer</class>
  <method>log</method>
  <thread>15</thread>
  <message>FileManager: Starting...</message>
</record>
<record>
  <date>2018-02-18T22:02:54</date>
  <millis>1518971574058</millis>
  <sequence>88</sequence>
  <logger>ESPlorer.ESPlorer</logger>
  <level>INFO</level>
  <class>ESPlorer.ESPlorer</class>
  <method>log</method>
  <thread>15</thread>
  <message>sending: _dir=function() local k,v,l print("~~~File ".."list START~~~") for k,v in pairs(file.list()) do l = string.format("%-15s",k) print(l.." : "..v.." bytes") end print("~~~File ".."list END~~~") end _dir() _dir=nil</message>
</record>
<record>
  <date>2018-02-18T22:02:54</date>
  <millis>1518971574447</millis>
  <sequence>89</sequence>
  <logger>ESPlorer.ESPlorer</logger>
  <level>INFO</level>
  <class>ESPlorer.ESPlorer</class>
  <method>log</method>
  <thread>45</thread>
  <message>FileManager: File list found! Do parsing...</message>
</record>
<record>
  <date>2018-02-18T22:02:54</date>
  <millis>1518971574457</millis>
  <sequence>90</sequence>
  <logger>ESPlorer.ESPlorer</logger>
  <level>INFO</level>
  <class>ESPlorer.ESPlorer</class>
  <method>log</method>
  <thread>45</thread>
  <message>FileManager: File list parsing done, found 0 file(s).</message>
</record>
<record>
  <date>2018-02-18T22:02:54</date>
  <millis>1518971574584</millis>
  <sequence>91</sequence>
  <logger>ESPlorer.ESPlorer</logger>
  <level>INFO</level>
  <class>ESPlorer.ESPlorer</class>
  <method>log</method>
  <thread>45</thread>
  <message>sending:r,u,t=file.fsinfo() print("Total : "..t.." bytes\r\nUsed  : "..u.." bytes\r\nRemain: "..r.." bytes\r\n") r=nil u=nil t=nil&lt;CR&gt;&lt;LF&gt;</message>
</record>
<record>
  <date>2018-02-18T22:02:59</date>
  <millis>1518971579945</millis>
  <sequence>92</sequence>
  <logger>ESPlorer.ESPlorer</logger>
  <level>INFO</level>
  <class>ESPlorer.ESPlorer</class>
  <method>log</method>
  <thread>15</thread>
  <message>Uploader: chooser selected file:1</message>
</record>
<record>
  <date>2018-02-18T22:02:59</date>
  <millis>1518971579948</millis>
  <sequence>93</sequence>
  <logger>ESPlorer.ESPlorer</logger>
  <level>INFO</level>
  <class>ESPlorer.ESPlorer</class>
  <method>log</method>
  <thread>15</thread>
  <message>BinaryFileLoader: Try to load file init.lua ...</message>
</record>
<record>
  <date>2018-02-18T22:02:59</date>
  <millis>1518971579954</millis>
  <sequence>94</sequence>
  <logger>ESPlorer.ESPlorer</logger>
  <level>INFO</level>
  <class>ESPlorer.ESPlorer</class>
  <method>log</method>
  <thread>15</thread>
  <message>BinaryFileLoader: Load file init.lua: Success, size:636</message>
</record>
<record>
  <date>2018-02-18T22:02:59</date>
  <millis>1518971579956</millis>
  <sequence>95</sequence>
  <logger>ESPlorer.ESPlorer</logger>
  <level>INFO</level>
  <class>ESPlorer.ESPlorer</class>
  <method>log</method>
  <thread>15</thread>
  <message>1. packets = 2</message>
</record>
<record>
  <date>2018-02-18T22:02:59</date>
  <millis>1518971579959</millis>
  <sequence>96</sequence>
  <logger>ESPlorer.ESPlorer</logger>
  <level>INFO</level>
  <class>ESPlorer.ESPlorer</class>
  <method>log</method>
  <thread>15</thread>
  <message>2. packets = 3</message>
</record>
<record>
  <date>2018-02-18T22:02:59</date>
  <millis>1518971579959</millis>
  <sequence>97</sequence>
  <logger>ESPlorer.ESPlorer</logger>
  <level>INFO</level>
  <class>ESPlorer.ESPlorer</class>
  <method>log</method>
  <thread>15</thread>
  <message>3. packet = 0</message>
</record>
<record>
  <date>2018-02-18T22:02:59</date>
  <millis>1518971579960</millis>
  <sequence>98</sequence>
  <logger>ESPlorer.ESPlorer</logger>
  <level>INFO</level>
  <class>ESPlorer.ESPlorer</class>
  <method>log</method>
  <thread>15</thread>
  <message>BinaryFileLoader: Prepare next packet for send, len=250</message>
</record>
<record>
  <date>2018-02-18T22:02:59</date>
  <millis>1518971579961</millis>
  <sequence>99</sequence>
  <logger>ESPlorer.ESPlorer</logger>
  <level>INFO</level>
  <class>ESPlorer.ESPlorer</class>
  <method>log</method>
  <thread>15</thread>
  <message>3. packet = 1</message>
</record>
<record>
  <date>2018-02-18T22:02:59</date>
  <millis>1518971579962</millis>
  <sequence>100</sequence>
  <logger>ESPlorer.ESPlorer</logger>
  <level>INFO</level>
  <class>ESPlorer.ESPlorer</class>
  <method>log</method>
  <thread>15</thread>
  <message>BinaryFileLoader: Prepare next packet for send, len=250</message>
</record>
<record>
  <date>2018-02-18T22:02:59</date>
  <millis>1518971579963</millis>
  <sequence>101</sequence>
  <logger>ESPlorer.ESPlorer</logger>
  <level>INFO</level>
  <class>ESPlorer.ESPlorer</class>
  <method>log</method>
  <thread>15</thread>
  <message>3. packet = 2</message>
</record>
<record>
  <date>2018-02-18T22:02:59</date>
  <millis>1518971579963</millis>
  <sequence>102</sequence>
  <logger>ESPlorer.ESPlorer</logger>
  <level>INFO</level>
  <class>ESPlorer.ESPlorer</class>
  <method>log</method>
  <thread>15</thread>
  <message>BinaryFileLoader: Prepare next packet for send, len=136</message>
</record>
<record>
  <date>2018-02-18T22:02:59</date>
  <millis>1518971579965</millis>
  <sequence>103</sequence>
  <logger>ESPlorer.ESPlorer</logger>
  <level>INFO</level>
  <class>ESPlorer.ESPlorer</class>
  <method>log</method>
  <thread>15</thread>
  <message>BinaryFileLoader: Total packets prepared=3</message>
</record>
<record>
  <date>2018-02-18T22:02:59</date>
  <millis>1518971579966</millis>
  <sequence>104</sequence>
  <logger>ESPlorer.ESPlorer</logger>
  <level>INFO</level>
  <class>ESPlorer.ESPlorer</class>
  <method>log</method>
  <thread>15</thread>
  <message>sendPackets=3</message>
</record>
<record>
  <date>2018-02-18T22:02:59</date>
  <millis>1518971579966</millis>
  <sequence>105</sequence>
  <logger>ESPlorer.ESPlorer</logger>
  <level>INFO</level>
  <class>ESPlorer.ESPlorer</class>
  <method>log</method>
  <thread>15</thread>
  <message>Uploader: Starting...</message>
</record>
<record>
  <date>2018-02-18T22:02:59</date>
  <millis>1518971579970</millis>
  <sequence>106</sequence>
  <logger>ESPlorer.ESPlorer</logger>
  <level>INFO</level>
  <class>ESPlorer.ESPlorer</class>
  <method>log</method>
  <thread>15</thread>
  <message>Uploader: Add EventListener: Success.</message>
</record>
<record>
  <date>2018-02-18T22:02:59</date>
  <millis>1518971579970</millis>
  <sequence>107</sequence>
  <logger>ESPlorer.ESPlorer</logger>
  <level>INFO</level>
  <class>ESPlorer.ESPlorer</class>
  <method>log</method>
  <thread>15</thread>
  <message>Uploader: Start</message>
</record>
<record>
  <date>2018-02-18T22:03:00</date>
  <millis>1518971580014</millis>
  <sequence>108</sequence>
  <logger>ESPlorer.ESPlorer</logger>
  <level>INFO</level>
  <class>ESPlorer.ESPlorer</class>
  <method>log</method>
  <thread>15</thread>
  <message>sending: _up=function(n,l,ll) local cs = 0 local i = 0 print("&gt;".." ") uart.on("data", l, function(b) i = i + 1 file.open("init.lua",'a+') file.write(b) file.close() cs=0 for j=1, l do cs = cs + (b:byte(j)*20)%19 end</message>
</record>
<record>
  <date>2018-02-18T22:03:00</date>
  <millis>1518971580382</millis>
  <sequence>109</sequence>
  <logger>ESPlorer.ESPlorer</logger>
  <level>INFO</level>
  <class>ESPlorer.ESPlorer</class>
  <method>log</method>
  <thread>15</thread>
  <message>sending:          uart.write(0,"~~~CRC-".."START~~~"..cs.."~~~CRC-".."END~~~") if i == n then uart.on("data") end if i == n-1 and ll&gt;0 then _up(1,ll,ll) end end,0) end file.remove("init.lua")</message>
</record>
<record>
  <date>2018-02-18T22:03:00</date>
  <millis>1518971580759</millis>
  <sequence>110</sequence>
  <logger>ESPlorer.ESPlorer</logger>
  <level>INFO</level>
  <class>ESPlorer.ESPlorer</class>
  <method>log</method>
  <thread>15</thread>
  <message>sending:_up(3,250,136)</message>
</record>
<record>
  <date>2018-02-18T22:03:01</date>
  <millis>1518971581378</millis>
  <sequence>111</sequence>
  <logger>ESPlorer.ESPlorer</logger>
  <level>INFO</level>
  <class>ESPlorer.ESPlorer</class>
  <method>log</method>
  <thread>52</thread>
  <message>Uploader: receiving checksum 1/3 check: Success</message>
</record>
<record>
  <date>2018-02-18T22:03:01</date>
  <millis>1518971581726</millis>
  <sequence>112</sequence>
  <logger>ESPlorer.ESPlorer</logger>
  <level>INFO</level>
  <class>ESPlorer.ESPlorer</class>
  <method>log</method>
  <thread>52</thread>
  <message>Uploader: receiving checksum 2/3 check: Success</message>
</record>
<record>
  <date>2018-02-18T22:03:01</date>
  <millis>1518971581991</millis>
  <sequence>113</sequence>
  <logger>ESPlorer.ESPlorer</logger>
  <level>INFO</level>
  <class>ESPlorer.ESPlorer</class>
  <method>log</method>
  <thread>52</thread>
  <message>Uploader: receiving checksum 3/3 check: Success</message>
</record>
<record>
  <date>2018-02-18T22:03:01</date>
  <millis>1518971581993</millis>
  <sequence>114</sequence>
  <logger>ESPlorer.ESPlorer</logger>
  <level>INFO</level>
  <class>ESPlorer.ESPlorer</class>
  <method>log</method>
  <thread>52</thread>
  <message>sending:_up=nil</message>
</record>
<record>
  <date>2018-02-18T22:03:01</date>
  <millis>1518971581995</millis>
  <sequence>115</sequence>
  <logger>ESPlorer.ESPlorer</logger>
  <level>INFO</level>
  <class>ESPlorer.ESPlorer</class>
  <method>log</method>
  <thread>52</thread>
  <message>Uploader: Success</message>
</record>
<record>
  <date>2018-02-18T22:03:02</date>
  <millis>1518971582128</millis>
  <sequence>116</sequence>
  <logger>ESPlorer.ESPlorer</logger>
  <level>INFO</level>
  <class>ESPlorer.ESPlorer</class>
  <method>log</method>
  <thread>52</thread>
  <message>Operation done. Duration = 2161 ms</message>
</record>
<record>
  <date>2018-02-18T22:03:07</date>
  <millis>1518971587329</millis>
  <sequence>117</sequence>
  <logger>ESPlorer.ESPlorer</logger>
  <level>INFO</level>
  <class>ESPlorer.ESPlorer</class>
  <method>log</method>
  <thread>15</thread>
  <message>sending:node.restart()&lt;CR&gt;&lt;LF&gt;</message>
</record>
<record>
  <date>2018-02-18T22:03:07</date>
  <millis>1518971587330</millis>
  <sequence>118</sequence>
  <logger>ESPlorer.ESPlorer</logger>
  <level>INFO</level>
  <class>ESPlorer.ESPlorer</class>
  <method>log</method>
  <thread>15</thread>
  <message>Try to reconnect with saved baud 9600...</message>
</record>
<record>
  <date>2018-02-18T22:03:07</date>
  <millis>1518971587332</millis>
  <sequence>119</sequence>
  <logger>ESPlorer.ESPlorer</logger>
  <level>INFO</level>
  <class>ESPlorer.ESPlorer</class>
  <method>log</method>
  <thread>15</thread>
  <message>Reconnect: Success. Now we waiting for ESP reboot...</message>
</record>
<record>
  <date>2018-02-18T22:03:12</date>
  <millis>1518971592719</millis>
  <sequence>120</sequence>
  <logger>ESPlorer.ESPlorer</logger>
  <level>INFO</level>
  <class>ESPlorer.ESPlorer</class>
  <method>log</method>
  <thread>15</thread>
  <message>Operation done. Duration = 12752 ms</message>
</record>
<record>
  <date>2018-02-18T22:03:12</date>
  <millis>1518971592720</millis>
  <sequence>121</sequence>
  <logger>ESPlorer.ESPlorer</logger>
  <level>INFO</level>
  <class>ESPlorer.ESPlorer</class>
  <method>log</method>
  <thread>15</thread>
  <message>Waiting answer from ESP - Timeout reached. Command aborted.</message>
</record>
<record>
  <date>2018-02-18T22:03:32</date>
  <millis>1518971612517</millis>
  <sequence>122</sequence>
  <logger>ESPlorer.ESPlorer</logger>
  <level>INFO</level>
  <class>ESPlorer.ESPlorer</class>
  <method>log</method>
  <thread>15</thread>
  <message>FileManager: Add EventListener: Success.</message>
</record>
<record>
  <date>2018-02-18T22:03:32</date>
  <millis>1518971612519</millis>
  <sequence>123</sequence>
  <logger>ESPlorer.ESPlorer</logger>
  <level>INFO</level>
  <class>ESPlorer.ESPlorer</class>
  <method>log</method>
  <thread>15</thread>
  <message>FileManager: Starting...</message>
</record>
<record>
  <date>2018-02-18T22:03:32</date>
  <millis>1518971612552</millis>
  <sequence>124</sequence>
  <logger>ESPlorer.ESPlorer</logger>
  <level>INFO</level>
  <class>ESPlorer.ESPlorer</class>
  <method>log</method>
  <thread>15</thread>
  <message>sending: _dir=function() local k,v,l print("~~~File ".."list START~~~") for k,v in pairs(file.list()) do l = string.format("%-15s",k) print(l.." : "..v.." bytes") end print("~~~File ".."list END~~~") end _dir() _dir=nil</message>
</record>
<record>
  <date>2018-02-18T22:03:35</date>
  <millis>1518971615787</millis>
  <sequence>125</sequence>
  <logger>ESPlorer.ESPlorer</logger>
  <level>INFO</level>
  <class>ESPlorer.ESPlorer</class>
  <method>log</method>
  <thread>15</thread>
  <message>Operation done. Duration = 35820 ms</message>
</record>
<record>
  <date>2018-02-18T22:03:35</date>
  <millis>1518971615788</millis>
  <sequence>126</sequence>
  <logger>ESPlorer.ESPlorer</logger>
  <level>INFO</level>
  <class>ESPlorer.ESPlorer</class>
  <method>log</method>
  <thread>15</thread>
  <message>Waiting answer from ESP - Timeout reached. Command aborted.</message>
</record>
<record>
  <date>2018-02-18T22:03:41</date>
  <millis>1518971621344</millis>
  <sequence>127</sequence>
  <logger>ESPlorer.ESPlorer</logger>
  <level>INFO</level>
  <class>ESPlorer.ESPlorer</class>
  <method>log</method>
  <thread>15</thread>
  <message>sending:node.restart()&lt;CR&gt;&lt;LF&gt;</message>
</record>
<record>
  <date>2018-02-18T22:03:41</date>
  <millis>1518971621346</millis>
  <sequence>128</sequence>
  <logger>ESPlorer.ESPlorer</logger>
  <level>INFO</level>
  <class>ESPlorer.ESPlorer</class>
  <method>log</method>
  <thread>15</thread>
  <message>Try to reconnect with saved baud 9600...</message>
</record>
<record>
  <date>2018-02-18T22:03:41</date>
  <millis>1518971621348</millis>
  <sequence>129</sequence>
  <logger>ESPlorer.ESPlorer</logger>
  <level>INFO</level>
  <class>ESPlorer.ESPlorer</class>
  <method>log</method>
  <thread>15</thread>
  <message>Reconnect: Success. Now we waiting for ESP reboot...</message>
</record>
<record>
  <date>2018-02-18T22:03:43</date>
  <millis>1518971623536</millis>
  <sequence>130</sequence>
  <logger>ESPlorer.ESPlorer</logger>
  <level>INFO</level>
  <class>ESPlorer.ESPlorer</class>
  <method>log</method>
  <thread>15</thread>
  <message>ERROR: Communication with MCU not established.</message>
</record>
<record>
  <date>2018-02-18T22:03:48</date>
  <millis>1518971628858</millis>
  <sequence>131</sequence>
  <logger>ESPlorer.ESPlorer</logger>
  <level>INFO</level>
  <class>ESPlorer.ESPlorer</class>
  <method>log</method>
  <thread>15</thread>
  <message>sending:file.format()&lt;CR&gt;&lt;LF&gt;</message>
</record>
<record>
  <date>2018-02-18T22:03:53</date>
  <millis>1518971633676</millis>
  <sequence>132</sequence>
  <logger>ESPlorer.ESPlorer</logger>
  <level>INFO</level>
  <class>ESPlorer.ESPlorer</class>
  <method>log</method>
  <thread>15</thread>
  <message>sending:file.format()&lt;CR&gt;&lt;LF&gt;</message>
</record>
<record>
  <date>2018-02-18T22:04:42</date>
  <millis>1518971682026</millis>
  <sequence>133</sequence>
  <logger>ESPlorer.ESPlorer</logger>
  <level>INFO</level>
  <class>ESPlorer.ESPlorer</class>
  <method>log</method>
  <thread>15</thread>
  <message>sending:file.format()&lt;CR&gt;&lt;LF&gt;</message>
</record>
<record>
  <date>2018-02-18T22:04:50</date>
  <millis>1518971690629</millis>
  <sequence>134</sequence>
  <logger>ESPlorer.ESPlorer</logger>
  <level>INFO</level>
  <class>ESPlorer.ESPlorer</class>
  <method>log</method>
  <thread>15</thread>
  <message>FileManager: Add EventListener: Success.</message>
</record>
<record>
  <date>2018-02-18T22:04:50</date>
  <millis>1518971690634</millis>
  <sequence>135</sequence>
  <logger>ESPlorer.ESPlorer</logger>
  <level>INFO</level>
  <class>ESPlorer.ESPlorer</class>
  <method>log</method>
  <thread>15</thread>
  <message>FileManager: Starting...</message>
</record>
<record>
  <date>2018-02-18T22:04:50</date>
  <millis>1518971690661</millis>
  <sequence>136</sequence>
  <logger>ESPlorer.ESPlorer</logger>
  <level>INFO</level>
  <class>ESPlorer.ESPlorer</class>
  <method>log</method>
  <thread>15</thread>
  <message>sending: _dir=function() local k,v,l print("~~~File ".."list START~~~") for k,v in pairs(file.list()) do l = string.format("%-15s",k) print(l.." : "..v.." bytes") end print("~~~File ".."list END~~~") end _dir() _dir=nil</message>
</record>
<record>
  <date>2018-02-18T22:04:54</date>
  <millis>1518971694490</millis>
  <sequence>137</sequence>
  <logger>ESPlorer.ESPlorer</logger>
  <level>INFO</level>
  <class>ESPlorer.ESPlorer</class>
  <method>log</method>
  <thread>15</thread>
  <message>Operation done. Duration = 114523 ms</message>
</record>
<record>
  <date>2018-02-18T22:04:54</date>
  <millis>1518971694491</millis>
  <sequence>138</sequence>
  <logger>ESPlorer.ESPlorer</logger>
  <level>INFO</level>
  <class>ESPlorer.ESPlorer</class>
  <method>log</method>
  <thread>15</thread>
  <message>Waiting answer from ESP - Timeout reached. Command aborted.</message>
</record>
<record>
  <date>2018-02-18T22:05:01</date>
  <millis>1518971701670</millis>
  <sequence>139</sequence>
  <logger>ESPlorer.ESPlorer</logger>
  <level>INFO</level>
  <class>ESPlorer.ESPlorer</class>
  <method>log</method>
  <thread>15</thread>
  <message>sending:file.format()&lt;CR&gt;&lt;LF&gt;</message>
</record>
<record>
  <date>2018-02-18T22:05:34</date>
  <millis>1518971734712</millis>
  <sequence>140</sequence>
  <logger>ESPlorer.ESPlorer</logger>
  <level>INFO</level>
  <class>ESPlorer.ESPlorer</class>
  <method>log</method>
  <thread>15</thread>
  <message>sending:node.restart()&lt;CR&gt;&lt;LF&gt;</message>
</record>
<record>
  <date>2018-02-18T22:05:34</date>
  <millis>1518971734713</millis>
  <sequence>141</sequence>
  <logger>ESPlorer.ESPlorer</logger>
  <level>INFO</level>
  <class>ESPlorer.ESPlorer</class>
  <method>log</method>
  <thread>15</thread>
  <message>Try to reconnect with saved baud 9600...</message>
</record>
<record>
  <date>2018-02-18T22:05:34</date>
  <millis>1518971734715</millis>
  <sequence>142</sequence>
  <logger>ESPlorer.ESPlorer</logger>
  <level>INFO</level>
  <class>ESPlorer.ESPlorer</class>
  <method>log</method>
  <thread>15</thread>
  <message>Reconnect: Success. Now we waiting for ESP reboot...</message>
</record>
<record>
  <date>2018-02-18T22:05:42</date>
  <millis>1518971742600</millis>
  <sequence>143</sequence>
  <logger>ESPlorer.ESPlorer</logger>
  <level>INFO</level>
  <class>ESPlorer.ESPlorer</class>
  <method>log</method>
  <thread>15</thread>
  <message>sending:file.format()&lt;CR&gt;&lt;LF&gt;</message>
</record>
<record>
  <date>2018-02-18T22:05:57</date>
  <millis>1518971757546</millis>
  <sequence>144</sequence>
  <logger>ESPlorer.ESPlorer</logger>
  <level>INFO</level>
  <class>ESPlorer.ESPlorer</class>
  <method>log</method>
  <thread>15</thread>
  <message>sending:file.format()&lt;CR&gt;&lt;LF&gt;</message>
</record>
<record>
  <date>2018-02-18T22:06:00</date>
  <millis>1518971760699</millis>
  <sequence>145</sequence>
  <logger>ESPlorer.ESPlorer</logger>
  <level>INFO</level>
  <class>ESPlorer.ESPlorer</class>
  <method>log</method>
  <thread>15</thread>
  <message>sending:node.restart()&lt;CR&gt;&lt;LF&gt;</message>
</record>
<record>
  <date>2018-02-18T22:06:00</date>
  <millis>1518971760700</millis>
  <sequence>146</sequence>
  <logger>ESPlorer.ESPlorer</logger>
  <level>INFO</level>
  <class>ESPlorer.ESPlorer</class>
  <method>log</method>
  <thread>15</thread>
  <message>Try to reconnect with saved baud 9600...</message>
</record>
<record>
  <date>2018-02-18T22:06:00</date>
  <millis>1518971760702</millis>
  <sequence>147</sequence>
  <logger>ESPlorer.ESPlorer</logger>
  <level>INFO</level>
  <class>ESPlorer.ESPlorer</class>
  <method>log</method>
  <thread>15</thread>
  <message>Reconnect: Success. Now we waiting for ESP reboot...</message>
</record>
<record>
  <date>2018-02-18T22:06:04</date>
  <millis>1518971764325</millis>
  <sequence>148</sequence>
  <logger>ESPlorer.ESPlorer</logger>
  <level>INFO</level>
  <class>ESPlorer.ESPlorer</class>
  <method>log</method>
  <thread>15</thread>
  <message>sending:file.format()&lt;CR&gt;&lt;LF&gt;</message>
</record>
<record>
  <date>2018-02-18T22:06:12</date>
  <millis>1518971772474</millis>
  <sequence>149</sequence>
  <logger>ESPlorer.ESPlorer</logger>
  <level>INFO</level>
  <class>ESPlorer.ESPlorer</class>
  <method>log</method>
  <thread>15</thread>
  <message>Close port /dev/ttyUSB0 - Success.</message>
</record>
<record>
  <date>2018-02-18T22:06:13</date>
  <millis>1518971773719</millis>
  <sequence>150</sequence>
  <logger>ESPlorer.ESPlorer</logger>
  <level>INFO</level>
  <class>ESPlorer.ESPlorer</class>
  <method>log</method>
  <thread>15</thread>
  <message>jssc.SerialPortException: Port name - /dev/ttyUSB0; Method name - setRTS(); Exception type - Port not opened.</message>
</record>
<record>
  <date>2018-02-18T22:06:13</date>
  <millis>1518971773720</millis>
  <sequence>151</sequence>
  <logger>ESPlorer.ESPlorer</logger>
  <level>INFO</level>
  <class>ESPlorer.ESPlorer</class>
  <method>log</method>
  <thread>15</thread>
  <message>Can't change RTS state</message>
</record>
<record>
  <date>2018-02-18T22:06:14</date>
  <millis>1518971774791</millis>
  <sequence>152</sequence>
  <logger>ESPlorer.ESPlorer</logger>
  <level>INFO</level>
  <class>ESPlorer.ESPlorer</class>
  <method>log</method>
  <thread>15</thread>
  <message>jssc.SerialPortException: Port name - /dev/ttyUSB0; Method name - setDTR(); Exception type - Port not opened.</message>
</record>
<record>
  <date>2018-02-18T22:06:14</date>
  <millis>1518971774792</millis>
  <sequence>153</sequence>
  <logger>ESPlorer.ESPlorer</logger>
  <level>INFO</level>
  <class>ESPlorer.ESPlorer</class>
  <method>log</method>
  <thread>15</thread>
  <message>Can't change DTR state</message>
</record>
<record>
  <date>2018-02-18T22:06:15</date>
  <millis>1518971775665</millis>
  <sequence>154</sequence>
  <logger>ESPlorer.ESPlorer</logger>
  <level>INFO</level>
  <class>ESPlorer.ESPlorer</class>
  <method>log</method>
  <thread>15</thread>
  <message>Serial port /dev/ttyUSB0 save as default.</message>
</record>
<record>
  <date>2018-02-18T22:06:15</date>
  <millis>1518971775666</millis>
  <sequence>155</sequence>
  <logger>ESPlorer.ESPlorer</logger>
  <level>INFO</level>
  <class>ESPlorer.ESPlorer</class>
  <method>log</method>
  <thread>15</thread>
  <message>Baud rate 9600 save as default.</message>
</record>
<record>
  <date>2018-02-18T22:06:15</date>
  <millis>1518971775666</millis>
  <sequence>156</sequence>
  <logger>ESPlorer.ESPlorer</logger>
  <level>INFO</level>
  <class>ESPlorer.ESPlorer</class>
  <method>log</method>
  <thread>15</thread>
  <message>Try to open port /dev/ttyUSB0, baud 9600, 8N1</message>
</record>
<record>
  <date>2018-02-18T22:06:15</date>
  <millis>1518971775672</millis>
  <sequence>157</sequence>
  <logger>ESPlorer.ESPlorer</logger>
  <level>INFO</level>
  <class>ESPlorer.ESPlorer</class>
  <method>log</method>
  <thread>15</thread>
  <message>Open port /dev/ttyUSB0 - Success.</message>
</record>
<record>
  <date>2018-02-18T22:06:19</date>
  <millis>1518971779711</millis>
  <sequence>158</sequence>
  <logger>ESPlorer.ESPlorer</logger>
  <level>INFO</level>
  <class>ESPlorer.ESPlorer</class>
  <method>log</method>
  <thread>15</thread>
  <message>sending:file.format()&lt;CR&gt;&lt;LF&gt;</message>
</record>
<record>
  <date>2018-02-18T22:06:27</date>
  <millis>1518971787451</millis>
  <sequence>159</sequence>
  <logger>ESPlorer.ESPlorer</logger>
  <level>INFO</level>
  <class>ESPlorer.ESPlorer</class>
  <method>log</method>
  <thread>15</thread>
  <message>FileManager: Add EventListener: Success.</message>
</record>
<record>
  <date>2018-02-18T22:06:27</date>
  <millis>1518971787456</millis>
  <sequence>160</sequence>
  <logger>ESPlorer.ESPlorer</logger>
  <level>INFO</level>
  <class>ESPlorer.ESPlorer</class>
  <method>log</method>
  <thread>15</thread>
  <message>FileManager: Starting...</message>
</record>
<record>
  <date>2018-02-18T22:06:27</date>
  <millis>1518971787483</millis>
  <sequence>161</sequence>
  <logger>ESPlorer.ESPlorer</logger>
  <level>INFO</level>
  <class>ESPlorer.ESPlorer</class>
  <method>log</method>
  <thread>15</thread>
  <message>sending: _dir=function() local k,v,l print("~~~File ".."list START~~~") for k,v in pairs(file.list()) do l = string.format("%-15s",k) print(l.." : "..v.." bytes") end print("~~~File ".."list END~~~") end _dir() _dir=nil</message>
</record>
<record>
  <date>2018-02-18T22:06:31</date>
  <millis>1518971791320</millis>
  <sequence>162</sequence>
  <logger>ESPlorer.ESPlorer</logger>
  <level>INFO</level>
  <class>ESPlorer.ESPlorer</class>
  <method>log</method>
  <thread>15</thread>
  <message>Operation done. Duration = 211353 ms</message>
</record>
<record>
  <date>2018-02-18T22:06:31</date>
  <millis>1518971791322</millis>
  <sequence>163</sequence>
  <logger>ESPlorer.ESPlorer</logger>
  <level>INFO</level>
  <class>ESPlorer.ESPlorer</class>
  <method>log</method>
  <thread>15</thread>
  <message>Waiting answer from ESP - Timeout reached. Command aborted.</message>
</record>
<record>
  <date>2018-02-18T22:06:36</date>
  <millis>1518971796079</millis>
  <sequence>164</sequence>
  <logger>ESPlorer.ESPlorer</logger>
  <level>INFO</level>
  <class>ESPlorer.ESPlorer</class>
  <method>log</method>
  <thread>15</thread>
  <message>sending:=node.chipid()&lt;CR&gt;&lt;LF&gt;</message>
</record>
<record>
  <date>2018-02-18T22:06:37</date>
  <millis>1518971797341</millis>
  <sequence>165</sequence>
  <logger>ESPlorer.ESPlorer</logger>
  <level>INFO</level>
  <class>ESPlorer.ESPlorer</class>
  <method>log</method>
  <thread>15</thread>
  <message>sending:=node.flashid()&lt;CR&gt;&lt;LF&gt;</message>
</record>
<record>
  <date>2018-02-18T22:06:38</date>
  <millis>1518971798652</millis>
  <sequence>166</sequence>
  <logger>ESPlorer.ESPlorer</logger>
  <level>INFO</level>
  <class>ESPlorer.ESPlorer</class>
  <method>log</method>
  <thread>15</thread>
  <message>sending:=node.info()&lt;CR&gt;&lt;LF&gt;</message>
</record>
<record>
  <date>2018-02-18T22:06:40</date>
  <millis>1518971800299</millis>
  <sequence>167</sequence>
  <logger>ESPlorer.ESPlorer</logger>
  <level>INFO</level>
  <class>ESPlorer.ESPlorer</class>
  <method>log</method>
  <thread>15</thread>
  <message>sending:=node.heap()&lt;CR&gt;&lt;LF&gt;</message>
</record>
<record>
  <date>2018-02-18T22:06:41</date>
  <millis>1518971801748</millis>
  <sequence>168</sequence>
  <logger>ESPlorer.ESPlorer</logger>
  <level>INFO</level>
  <class>ESPlorer.ESPlorer</class>
  <method>log</method>
  <thread>15</thread>
  <message>sending:node.restart()&lt;CR&gt;&lt;LF&gt;</message>
</record>
<record>
  <date>2018-02-18T22:06:41</date>
  <millis>1518971801749</millis>
  <sequence>169</sequence>
  <logger>ESPlorer.ESPlorer</logger>
  <level>INFO</level>
  <class>ESPlorer.ESPlorer</class>
  <method>log</method>
  <thread>15</thread>
  <message>Try to reconnect with saved baud 9600...</message>
</record>
<record>
  <date>2018-02-18T22:06:41</date>
  <millis>1518971801751</millis>
  <sequence>170</sequence>
  <logger>ESPlorer.ESPlorer</logger>
  <level>INFO</level>
  <class>ESPlorer.ESPlorer</class>
  <method>log</method>
  <thread>15</thread>
  <message>Reconnect: Success. Now we waiting for ESP reboot...</message>
</record>
<record>
  <date>2018-02-18T22:06:44</date>
  <millis>1518971804514</millis>
  <sequence>171</sequence>
  <logger>ESPlorer.ESPlorer</logger>
  <level>INFO</level>
  <class>ESPlorer.ESPlorer</class>
  <method>log</method>
  <thread>15</thread>
  <message>sending:r,u,t=file.fsinfo() print("Total : "..t.." bytes\r\nUsed  : "..u.." bytes\r\nRemain: "..r.." bytes\r\n") r=nil u=nil t=nil&lt;CR&gt;&lt;LF&gt;</message>
</record>
<record>
  <date>2018-02-18T22:06:45</date>
  <millis>1518971805789</millis>
  <sequence>172</sequence>
  <logger>ESPlorer.ESPlorer</logger>
  <level>INFO</level>
  <class>ESPlorer.ESPlorer</class>
  <method>log</method>
  <thread>15</thread>
  <message>ERROR: Communication with MCU not yet established.</message>
</record>
<record>
  <date>2018-02-18T22:06:46</date>
  <millis>1518971806787</millis>
  <sequence>173</sequence>
  <logger>ESPlorer.ESPlorer</logger>
  <level>INFO</level>
  <class>ESPlorer.ESPlorer</class>
  <method>log</method>
  <thread>15</thread>
  <message>Operation done. Duration = 226820 ms</message>
</record>
<record>
  <date>2018-02-18T22:06:46</date>
  <millis>1518971806789</millis>
  <sequence>174</sequence>
  <logger>ESPlorer.ESPlorer</logger>
  <level>INFO</level>
  <class>ESPlorer.ESPlorer</class>
  <method>log</method>
  <thread>15</thread>
  <message>Waiting answer from ESP - Timeout reached. Command aborted.</message>
</record>
<record>
  <date>2018-02-18T22:07:19</date>
  <millis>1518971839672</millis>
  <sequence>175</sequence>
  <logger>ESPlorer.ESPlorer</logger>
  <level>INFO</level>
  <class>ESPlorer.ESPlorer</class>
  <method>log</method>
  <thread>15</thread>
  <message>Close port /dev/ttyUSB0 - Success.</message>
</record>
<record>
  <date>2018-02-18T22:11:42</date>
  <millis>1518972102245</millis>
  <sequence>176</sequence>
  <logger>ESPlorer.ESPlorer</logger>
  <level>INFO</level>
  <class>ESPlorer.ESPlorer</class>
  <method>log</method>
  <thread>15</thread>
  <message>Serial port /dev/ttyUSB0 save as default.</message>
</record>
<record>
  <date>2018-02-18T22:11:42</date>
  <millis>1518972102245</millis>
  <sequence>177</sequence>
  <logger>ESPlorer.ESPlorer</logger>
  <level>INFO</level>
  <class>ESPlorer.ESPlorer</class>
  <method>log</method>
  <thread>15</thread>
  <message>Baud rate 9600 save as default.</message>
</record>
<record>
  <date>2018-02-18T22:11:42</date>
  <millis>1518972102245</millis>
  <sequence>178</sequence>
  <logger>ESPlorer.ESPlorer</logger>
  <level>INFO</level>
  <class>ESPlorer.ESPlorer</class>
  <method>log</method>
  <thread>15</thread>
  <message>Try to open port /dev/ttyUSB0, baud 9600, 8N1</message>
</record>
<record>
  <date>2018-02-18T22:11:42</date>
  <millis>1518972102250</millis>
  <sequence>179</sequence>
  <logger>ESPlorer.ESPlorer</logger>
  <level>INFO</level>
  <class>ESPlorer.ESPlorer</class>
  <method>log</method>
  <thread>15</thread>
  <message>Open port /dev/ttyUSB0 - Success.</message>
</record>
<record>
  <date>2018-02-18T22:11:46</date>
  <millis>1518972106646</millis>
  <sequence>180</sequence>
  <logger>ESPlorer.ESPlorer</logger>
  <level>INFO</level>
  <class>ESPlorer.ESPlorer</class>
  <method>log</method>
  <thread>15</thread>
  <message>sending:file.format()&lt;CR&gt;&lt;LF&gt;</message>
</record>
<record>
  <date>2018-02-18T22:12:03</date>
  <millis>1518972123002</millis>
  <sequence>181</sequence>
  <logger>ESPlorer.ESPlorer</logger>
  <level>INFO</level>
  <class>ESPlorer.ESPlorer</class>
  <method>log</method>
  <thread>15</thread>
  <message>Close port /dev/ttyUSB0 - Success.</message>
</record>
<record>
  <date>2018-02-18T22:12:04</date>
  <millis>1518972124052</millis>
  <sequence>182</sequence>
  <logger>ESPlorer.ESPlorer</logger>
  <level>INFO</level>
  <class>ESPlorer.ESPlorer</class>
  <method>log</method>
  <thread>15</thread>
  <message>Serial port /dev/ttyUSB0 save as default.</message>
</record>
<record>
  <date>2018-02-18T22:12:04</date>
  <millis>1518972124053</millis>
  <sequence>183</sequence>
  <logger>ESPlorer.ESPlorer</logger>
  <level>INFO</level>
  <class>ESPlorer.ESPlorer</class>
  <method>log</method>
  <thread>15</thread>
  <message>Baud rate 9600 save as default.</message>
</record>
<record>
  <date>2018-02-18T22:12:04</date>
  <millis>1518972124054</millis>
  <sequence>184</sequence>
  <logger>ESPlorer.ESPlorer</logger>
  <level>INFO</level>
  <class>ESPlorer.ESPlorer</class>
  <method>log</method>
  <thread>15</thread>
  <message>Try to open port /dev/ttyUSB0, baud 9600, 8N1</message>
</record>
<record>
  <date>2018-02-18T22:12:04</date>
  <millis>1518972124060</millis>
  <sequence>185</sequence>
  <logger>ESPlorer.ESPlorer</logger>
  <level>INFO</level>
  <class>ESPlorer.ESPlorer</class>
  <method>log</method>
  <thread>15</thread>
  <message>Open port /dev/ttyUSB0 - Success.</message>
</record>
<record>
  <date>2018-02-18T22:12:07</date>
  <millis>1518972127136</millis>
  <sequence>186</sequence>
  <logger>ESPlorer.ESPlorer</logger>
  <level>INFO</level>
  <class>ESPlorer.ESPlorer</class>
  <method>log</method>
  <thread>15</thread>
  <message>Operation done. Duration = 547169 ms</message>
</record>
<record>
  <date>2018-02-18T22:12:07</date>
  <millis>1518972127137</millis>
  <sequence>187</sequence>
  <logger>ESPlorer.ESPlorer</logger>
  <level>INFO</level>
  <class>ESPlorer.ESPlorer</class>
  <method>log</method>
  <thread>15</thread>
  <message>Waiting answer from ESP - Timeout reached. Command aborted.</message>
</record>
<record>
  <date>2018-02-18T22:12:09</date>
  <millis>1518972129810</millis>
  <sequence>188</sequence>
  <logger>ESPlorer.ESPlorer</logger>
  <level>INFO</level>
  <class>ESPlorer.ESPlorer</class>
  <method>log</method>
  <thread>15</thread>
  <message>ERROR: Communication with MCU not yet established.</message>
</record>
<record>
  <date>2018-02-18T22:12:17</date>
  <millis>1518972137827</millis>
  <sequence>189</sequence>
  <logger>ESPlorer.ESPlorer</logger>
  <level>INFO</level>
  <class>ESPlorer.ESPlorer</class>
  <method>log</method>
  <thread>15</thread>
  <message>ERROR: Communication with MCU not yet established.</message>
</record>
<record>
  <date>2018-02-18T22:17:08</date>
  <millis>1518972428485</millis>
  <sequence>190</sequence>
  <logger>ESPlorer.ESPlorer</logger>
  <level>INFO</level>
  <class>ESPlorer.ESPlorer</class>
  <method>log</method>
  <thread>15</thread>
  <message>FileTab cleared: Success.</message>
</record>
<record>
  <date>2018-02-18T22:17:08</date>
  <millis>1518972428513</millis>
  <sequence>191</sequence>
  <logger>ESPlorer.ESPlorer</logger>
  <level>INFO</level>
  <class>ESPlorer.ESPlorer</class>
  <method>log</method>
  <thread>15</thread>
  <message>File close: Success.</message>
</record>
</log>
